<?xml version="1.0" encoding="UTF-8"?>
<testng-results skipped="0" failed="0" total="1" passed="1">
  <reporter-output>
  </reporter-output>
  <suite name="Default suite" duration-ms="66" started-at="2019-04-11T16:34:22Z" finished-at="2019-04-11T16:34:22Z">
    <groups>
    </groups>
    <test name="Default test" duration-ms="66" started-at="2019-04-11T16:34:22Z" finished-at="2019-04-11T16:34:22Z">
      <class name="pakage.NewTest">
        <test-method status="PASS" signature="f()[pri:0, instance:pakage.NewTest@153f5a29]" name="f" duration-ms="30" started-at="2019-04-11T22:04:22Z" finished-at="2019-04-11T22:04:22Z">
          <reporter-output>
          </reporter-output>
        </test-method> <!-- f -->
      </class> <!-- pakage.NewTest -->
    </test> <!-- Default test -->
  </suite> <!-- Default suite -->
</testng-results>
